<?xml version="1.0" encoding="UTF-8"?>
<!-- Generated by org.testng.reporters.JUnitXMLReporter -->
<testsuite hostname="user" name="Command line test" tests="3" failures="0" timestamp="8 Mar 2016 05:59:53 GMT" time="2.65" errors="0">
  <testcase name="" time="0.001" classname="gapp.model.dao.ApplicationsDaoTest"/>
  <testcase name="" time="0.0" classname="gapp.model.dao.ApplicationsDaoTest"/>
  <testcase name="" time="0.001" classname="gapp.model.dao.DepartmentsDaoTest"/>
</testsuite> <!-- Command line test -->
