<?xml version="1.0" encoding="UTF-8"?>
<testng-results skipped="0" failed="0" total="3" passed="3">
  <reporter-output>
  </reporter-output>
  <suite name="Command line suite" duration-ms="2650" started-at="2016-03-08T05:59:50Z" finished-at="2016-03-08T05:59:53Z">
    <groups>
      <group name="DepartmentsDaoTest">
        <method signature="DepartmentsDaoTest.getDepartments()[pri:0, instance:gapp.model.dao.DepartmentsDaoTest@27a8c74e]" name="getDepartments" class="gapp.model.dao.DepartmentsDaoTest"/>
      </group> <!-- DepartmentsDaoTest -->
      <group name="ApplicationsDaoTest">
        <method signature="ApplicationsDaoTest.getAppByUser()[pri:0, instance:gapp.model.dao.ApplicationsDaoTest@33f88ab]" name="getAppByUser" class="gapp.model.dao.ApplicationsDaoTest"/>
        <method signature="ApplicationsDaoTest.getAppInDept()[pri:0, instance:gapp.model.dao.ApplicationsDaoTest@33f88ab]" name="getAppInDept" class="gapp.model.dao.ApplicationsDaoTest"/>
      </group> <!-- ApplicationsDaoTest -->
    </groups>
    <test name="Command line test" duration-ms="2650" started-at="2016-03-08T05:59:50Z" finished-at="2016-03-08T05:59:53Z">
      <class name="gapp.model.dao.DepartmentsDaoTest">
        <test-method status="PASS" signature="springTestContextBeforeTestClass()[pri:0, instance:gapp.model.dao.DepartmentsDaoTest@27a8c74e]" test-instance-name="" name="springTestContextBeforeTestClass" is-config="true" duration-ms="0" started-at="2016-03-07T21:59:53Z" finished-at="2016-03-07T21:59:53Z">
          <reporter-output>
          </reporter-output>
        </test-method> <!-- springTestContextBeforeTestClass -->
        <test-method name="springTestContextPrepareTestInstance" test-instance-name="" signature="springTestContextPrepareTestInstance()[pri:0, instance:gapp.model.dao.DepartmentsDaoTest@27a8c74e]" is-config="true" status="PASS" duration-ms="6" finished-at="2016-03-07T21:59:53Z" started-at="2016-03-07T21:59:53Z" depends-on-methods="org.springframework.test.context.testng.AbstractTestNGSpringContextTests.springTestContextBeforeTestClass">
          <reporter-output>
          </reporter-output>
        </test-method> <!-- springTestContextPrepareTestInstance -->
        <test-method status="PASS" signature="springTestContextBeforeTestMethod(java.lang.reflect.Method)[pri:0, instance:gapp.model.dao.DepartmentsDaoTest@27a8c74e]" test-instance-name="" name="springTestContextBeforeTestMethod" is-config="true" duration-ms="7" started-at="2016-03-07T21:59:53Z" finished-at="2016-03-07T21:59:53Z">
          <params>
            <param index="0">
              <value>
                <![CDATA[public void gapp.model.dao.DepartmentsDaoTest.getDepartments()]]>
              </value>
            </param>
          </params>
          <reporter-output>
          </reporter-output>
        </test-method> <!-- springTestContextBeforeTestMethod -->
        <test-method status="PASS" signature="getDepartments()[pri:0, instance:gapp.model.dao.DepartmentsDaoTest@27a8c74e]" test-instance-name="" name="getDepartments" duration-ms="1" started-at="2016-03-07T21:59:53Z" finished-at="2016-03-07T21:59:53Z">
          <reporter-output>
          </reporter-output>
        </test-method> <!-- getDepartments -->
        <test-method status="PASS" signature="springTestContextAfterTestMethod(java.lang.reflect.Method)[pri:0, instance:gapp.model.dao.DepartmentsDaoTest@27a8c74e]" test-instance-name="" name="springTestContextAfterTestMethod" is-config="true" duration-ms="2" started-at="2016-03-07T21:59:53Z" finished-at="2016-03-07T21:59:53Z">
          <params>
            <param index="0">
              <value>
                <![CDATA[public void gapp.model.dao.DepartmentsDaoTest.getDepartments()]]>
              </value>
            </param>
          </params>
          <reporter-output>
          </reporter-output>
        </test-method> <!-- springTestContextAfterTestMethod -->
        <test-method status="PASS" signature="springTestContextAfterTestClass()[pri:0, instance:gapp.model.dao.DepartmentsDaoTest@27a8c74e]" test-instance-name="" name="springTestContextAfterTestClass" is-config="true" duration-ms="0" started-at="2016-03-07T21:59:53Z" finished-at="2016-03-07T21:59:53Z">
          <reporter-output>
          </reporter-output>
        </test-method> <!-- springTestContextAfterTestClass -->
      </class> <!-- gapp.model.dao.DepartmentsDaoTest -->
      <class name="gapp.model.dao.ApplicationsDaoTest">
        <test-method status="PASS" signature="springTestContextBeforeTestClass()[pri:0, instance:gapp.model.dao.ApplicationsDaoTest@33f88ab]" test-instance-name="" name="springTestContextBeforeTestClass" is-config="true" duration-ms="8" started-at="2016-03-07T21:59:50Z" finished-at="2016-03-07T21:59:50Z">
          <reporter-output>
          </reporter-output>
        </test-method> <!-- springTestContextBeforeTestClass -->
        <test-method name="springTestContextPrepareTestInstance" test-instance-name="" signature="springTestContextPrepareTestInstance()[pri:0, instance:gapp.model.dao.ApplicationsDaoTest@33f88ab]" is-config="true" status="PASS" duration-ms="2496" finished-at="2016-03-07T21:59:53Z" started-at="2016-03-07T21:59:50Z" depends-on-methods="org.springframework.test.context.testng.AbstractTestNGSpringContextTests.springTestContextBeforeTestClass">
          <reporter-output>
          </reporter-output>
        </test-method> <!-- springTestContextPrepareTestInstance -->
        <test-method status="PASS" signature="springTestContextBeforeTestMethod(java.lang.reflect.Method)[pri:0, instance:gapp.model.dao.ApplicationsDaoTest@33f88ab]" test-instance-name="" name="springTestContextBeforeTestMethod" is-config="true" duration-ms="92" started-at="2016-03-07T21:59:53Z" finished-at="2016-03-07T21:59:53Z">
          <params>
            <param index="0">
              <value>
                <![CDATA[public void gapp.model.dao.ApplicationsDaoTest.getAppByUser()]]>
              </value>
            </param>
          </params>
          <reporter-output>
          </reporter-output>
        </test-method> <!-- springTestContextBeforeTestMethod -->
        <test-method status="PASS" signature="getAppByUser()[pri:0, instance:gapp.model.dao.ApplicationsDaoTest@33f88ab]" test-instance-name="" name="getAppByUser" duration-ms="1" started-at="2016-03-07T21:59:53Z" finished-at="2016-03-07T21:59:53Z">
          <reporter-output>
          </reporter-output>
        </test-method> <!-- getAppByUser -->
        <test-method status="PASS" signature="springTestContextAfterTestMethod(java.lang.reflect.Method)[pri:0, instance:gapp.model.dao.ApplicationsDaoTest@33f88ab]" test-instance-name="" name="springTestContextAfterTestMethod" is-config="true" duration-ms="16" started-at="2016-03-07T21:59:53Z" finished-at="2016-03-07T21:59:53Z">
          <params>
            <param index="0">
              <value>
                <![CDATA[public void gapp.model.dao.ApplicationsDaoTest.getAppByUser()]]>
              </value>
            </param>
          </params>
          <reporter-output>
          </reporter-output>
        </test-method> <!-- springTestContextAfterTestMethod -->
        <test-method status="PASS" signature="springTestContextBeforeTestMethod(java.lang.reflect.Method)[pri:0, instance:gapp.model.dao.ApplicationsDaoTest@33f88ab]" test-instance-name="" name="springTestContextBeforeTestMethod" is-config="true" duration-ms="3" started-at="2016-03-07T21:59:53Z" finished-at="2016-03-07T21:59:53Z">
          <params>
            <param index="0">
              <value>
                <![CDATA[public void gapp.model.dao.ApplicationsDaoTest.getAppInDept()]]>
              </value>
            </param>
          </params>
          <reporter-output>
          </reporter-output>
        </test-method> <!-- springTestContextBeforeTestMethod -->
        <test-method status="PASS" signature="getAppInDept()[pri:0, instance:gapp.model.dao.ApplicationsDaoTest@33f88ab]" test-instance-name="" name="getAppInDept" duration-ms="0" started-at="2016-03-07T21:59:53Z" finished-at="2016-03-07T21:59:53Z">
          <reporter-output>
          </reporter-output>
        </test-method> <!-- getAppInDept -->
        <test-method status="PASS" signature="springTestContextAfterTestMethod(java.lang.reflect.Method)[pri:0, instance:gapp.model.dao.ApplicationsDaoTest@33f88ab]" test-instance-name="" name="springTestContextAfterTestMethod" is-config="true" duration-ms="3" started-at="2016-03-07T21:59:53Z" finished-at="2016-03-07T21:59:53Z">
          <params>
            <param index="0">
              <value>
                <![CDATA[public void gapp.model.dao.ApplicationsDaoTest.getAppInDept()]]>
              </value>
            </param>
          </params>
          <reporter-output>
          </reporter-output>
        </test-method> <!-- springTestContextAfterTestMethod -->
        <test-method status="PASS" signature="springTestContextAfterTestClass()[pri:0, instance:gapp.model.dao.ApplicationsDaoTest@33f88ab]" test-instance-name="" name="springTestContextAfterTestClass" is-config="true" duration-ms="1" started-at="2016-03-07T21:59:53Z" finished-at="2016-03-07T21:59:53Z">
          <reporter-output>
          </reporter-output>
        </test-method> <!-- springTestContextAfterTestClass -->
      </class> <!-- gapp.model.dao.ApplicationsDaoTest -->
    </test> <!-- Command line test -->
  </suite> <!-- Command line suite -->
</testng-results>
